23:51:26.090 [main] INFO  testCases.TC_001_AccoutRegistrationTest - *** Starting TC_001_AccoutRegistrationTest ***
23:51:26.314 [main] INFO  testCases.TC_001_AccoutRegistrationTest - Clicked on My Account link
23:51:26.908 [main] INFO  testCases.TC_001_AccoutRegistrationTest - Clicked on register link
23:51:26.916 [main] INFO  testCases.TC_001_AccoutRegistrationTest - Providing customer's data
23:51:29.915 [main] INFO  testCases.TC_001_AccoutRegistrationTest - Clicked on continue . . .
23:51:33.727 [main] INFO  testCases.TC_001_AccoutRegistrationTest - Validating expected message
00:01:39.135 [main] INFO  testCases.TC_001_AccoutRegistrationTest - *** Starting TC_001_AccoutRegistrationTest ***
00:01:39.591 [main] INFO  testCases.TC_001_AccoutRegistrationTest - Clicked on My Account link
00:01:40.331 [main] INFO  testCases.TC_001_AccoutRegistrationTest - Clicked on register link
00:01:40.337 [main] INFO  testCases.TC_001_AccoutRegistrationTest - Providing customer's data
00:01:43.790 [main] INFO  testCases.TC_001_AccoutRegistrationTest - Clicked on continue . . .
00:01:46.920 [main] INFO  testCases.TC_001_AccoutRegistrationTest - Validating expected message
00:03:58.262 [main] INFO  testCases.TC_001_AccoutRegistrationTest - *** Starting TC_001_AccoutRegistrationTest ***
00:03:58.720 [main] INFO  testCases.TC_001_AccoutRegistrationTest - Clicked on My Account link
00:03:59.471 [main] INFO  testCases.TC_001_AccoutRegistrationTest - Clicked on register link
00:03:59.478 [main] INFO  testCases.TC_001_AccoutRegistrationTest - Providing customer's data
00:04:02.384 [main] INFO  testCases.TC_001_AccoutRegistrationTest - Clicked on continue . . .
00:04:06.491 [main] INFO  testCases.TC_001_AccoutRegistrationTest - Validating expected message
18:52:28.112 [TestNG-tests-1] INFO  testCases.TC_001_AccoutRegistrationTest - *** Starting TC_001_AccoutRegistrationTest ***
18:52:29.129 [TestNG-tests-1] INFO  testCases.TC_001_AccoutRegistrationTest - Clicked on My Account link
18:52:32.370 [TestNG-tests-1] INFO  testCases.TC_001_AccoutRegistrationTest - Clicked on register link
18:52:32.375 [TestNG-tests-1] INFO  testCases.TC_001_AccoutRegistrationTest - Providing customer's data
18:52:49.585 [TestNG-tests-2] INFO  testCases.TC_001_AccoutRegistrationTest - *** Starting TC_001_AccoutRegistrationTest ***
18:52:49.877 [TestNG-tests-1] INFO  testCases.TC_001_AccoutRegistrationTest - Clicked on continue . . .
18:52:52.175 [TestNG-tests-2] INFO  testCases.TC_001_AccoutRegistrationTest - Clicked on My Account link
18:52:55.007 [TestNG-tests-2] INFO  testCases.TC_001_AccoutRegistrationTest - Clicked on register link
18:52:55.009 [TestNG-tests-2] INFO  testCases.TC_001_AccoutRegistrationTest - Providing customer's data
18:53:00.575 [TestNG-tests-1] INFO  testCases.TC_001_AccoutRegistrationTest - Validating expected message
18:53:05.054 [TestNG-tests-2] INFO  testCases.TC_001_AccoutRegistrationTest - Clicked on continue . . .
18:53:09.625 [TestNG-tests-2] INFO  testCases.TC_001_AccoutRegistrationTest - Validating expected message
19:49:40.174 [main] INFO  testCases.TC_001_AccoutRegistrationTest - *** Starting TC_001_AccoutRegistrationTest ***
19:49:40.568 [main] INFO  testCases.TC_001_AccoutRegistrationTest - Clicked on My Account link
19:49:41.345 [main] INFO  testCases.TC_001_AccoutRegistrationTest - Clicked on register link
19:49:41.348 [main] INFO  testCases.TC_001_AccoutRegistrationTest - Providing customer's data
19:49:44.622 [main] INFO  testCases.TC_001_AccoutRegistrationTest - Clicked on continue . . .
19:49:48.311 [main] INFO  testCases.TC_001_AccoutRegistrationTest - Validating expected message
19:50:18.400 [main] INFO  testCases.TC_001_AccoutRegistrationTest - *** Starting TC_001_AccoutRegistrationTest ***
19:50:18.753 [main] INFO  testCases.TC_001_AccoutRegistrationTest - Clicked on My Account link
19:50:19.644 [main] INFO  testCases.TC_001_AccoutRegistrationTest - Clicked on register link
19:50:19.649 [main] INFO  testCases.TC_001_AccoutRegistrationTest - Providing customer's data
19:50:22.385 [main] INFO  testCases.TC_001_AccoutRegistrationTest - Clicked on continue . . .
19:50:32.460 [main] INFO  testCases.TC_001_AccoutRegistrationTest - Validating expected message
21:31:38.229 [main] INFO  testCases.TC_001_AccoutRegistrationTest - *** Starting TC_001_AccoutRegistrationTest ***
21:31:39.082 [main] INFO  testCases.TC_001_AccoutRegistrationTest - Clicked on My Account link
21:31:41.135 [main] INFO  testCases.TC_001_AccoutRegistrationTest - Clicked on register link
21:31:41.155 [main] INFO  testCases.TC_001_AccoutRegistrationTest - Providing customer's data
21:31:44.793 [main] INFO  testCases.TC_001_AccoutRegistrationTest - Clicked on continue . . .
21:31:53.695 [main] INFO  testCases.TC_001_AccoutRegistrationTest - Validating expected message
21:32:32.087 [main] INFO  testCases.TC_001_AccoutRegistrationTest - *** Starting TC_001_AccoutRegistrationTest ***
21:32:32.728 [main] INFO  testCases.TC_001_AccoutRegistrationTest - Clicked on My Account link
21:32:33.495 [main] INFO  testCases.TC_001_AccoutRegistrationTest - Clicked on register link
21:32:33.499 [main] INFO  testCases.TC_001_AccoutRegistrationTest - Providing customer's data
21:32:36.612 [main] INFO  testCases.TC_001_AccoutRegistrationTest - Clicked on continue . . .
21:32:46.697 [main] INFO  testCases.TC_001_AccoutRegistrationTest - Validating expected message
21:32:50.903 [main] INFO  testCases.TC_002_LoginTest - **** Starting TC_002_LoginTest ****
21:32:51.312 [main] INFO  testCases.TC_002_LoginTest - Clicked on MyAccount
21:32:52.132 [main] INFO  testCases.TC_002_LoginTest - Clicked on Login link
21:32:52.135 [main] INFO  testCases.TC_002_LoginTest - Providing login details
21:33:09.992 [main] INFO  testCases.TC_003_LoginDataDrivenTest - ***** Starting TC_003_LoginDataDrivenTest ****
21:33:22.206 [main] INFO  testCases.TC_003_LoginDataDrivenTest - ***** Starting TC_003_LoginDataDrivenTest ****
21:33:33.924 [main] INFO  testCases.TC_003_LoginDataDrivenTest - ***** Starting TC_003_LoginDataDrivenTest ****
21:33:44.721 [main] INFO  testCases.TC_003_LoginDataDrivenTest - ***** Starting TC_003_LoginDataDrivenTest ****
21:33:55.565 [main] INFO  testCases.TC_003_LoginDataDrivenTest - ***** Starting TC_003_LoginDataDrivenTest ****
22:09:56.480 [main] INFO  testCases.TC_001_AccoutRegistrationTest - *** Starting TC_001_AccoutRegistrationTest ***
22:09:57.063 [main] INFO  testCases.TC_001_AccoutRegistrationTest - Clicked on My Account link
22:09:57.962 [main] INFO  testCases.TC_001_AccoutRegistrationTest - Clicked on register link
22:09:58.038 [main] INFO  testCases.TC_001_AccoutRegistrationTest - Providing customer's data
22:10:01.711 [main] INFO  testCases.TC_001_AccoutRegistrationTest - Clicked on continue . . .
22:10:11.782 [main] INFO  testCases.TC_001_AccoutRegistrationTest - Validating expected message
22:10:16.775 [main] INFO  testCases.TC_002_LoginTest - **** Starting TC_002_LoginTest ****
22:10:17.078 [main] INFO  testCases.TC_002_LoginTest - Clicked on MyAccount
22:10:17.700 [main] INFO  testCases.TC_002_LoginTest - Clicked on Login link
22:10:17.723 [main] INFO  testCases.TC_002_LoginTest - Providing login details
22:10:36.762 [main] INFO  testCases.TC_003_LoginDataDrivenTest - ***** Starting TC_003_LoginDataDrivenTest ****
22:10:48.614 [main] INFO  testCases.TC_003_LoginDataDrivenTest - ***** Starting TC_003_LoginDataDrivenTest ****
22:10:59.513 [main] INFO  testCases.TC_003_LoginDataDrivenTest - ***** Starting TC_003_LoginDataDrivenTest ****
22:11:10.809 [main] INFO  testCases.TC_003_LoginDataDrivenTest - ***** Starting TC_003_LoginDataDrivenTest ****
22:11:21.835 [main] INFO  testCases.TC_003_LoginDataDrivenTest - ***** Starting TC_003_LoginDataDrivenTest ****
22:27:38.534 [main] INFO  testCases.TC_001_AccoutRegistrationTest - *** Starting TC_001_AccoutRegistrationTest ***
22:27:39.439 [main] INFO  testCases.TC_001_AccoutRegistrationTest - Clicked on My Account link
22:27:40.186 [main] INFO  testCases.TC_001_AccoutRegistrationTest - Clicked on register link
22:27:40.195 [main] INFO  testCases.TC_001_AccoutRegistrationTest - Providing customer's data
22:27:43.618 [main] INFO  testCases.TC_001_AccoutRegistrationTest - Clicked on continue . . .
22:27:53.711 [main] INFO  testCases.TC_001_AccoutRegistrationTest - Validating expected message
22:27:57.713 [main] INFO  testCases.TC_002_LoginTest - **** Starting TC_002_LoginTest ****
22:27:57.931 [main] INFO  testCases.TC_002_LoginTest - Clicked on MyAccount
22:27:58.480 [main] INFO  testCases.TC_002_LoginTest - Clicked on Login link
22:27:58.485 [main] INFO  testCases.TC_002_LoginTest - Providing login details
22:28:16.276 [main] INFO  testCases.TC_003_LoginDataDrivenTest - ***** Starting TC_003_LoginDataDrivenTest ****
22:28:28.069 [main] INFO  testCases.TC_003_LoginDataDrivenTest - ***** Starting TC_003_LoginDataDrivenTest ****
22:28:39.642 [main] INFO  testCases.TC_003_LoginDataDrivenTest - ***** Starting TC_003_LoginDataDrivenTest ****
22:28:50.507 [main] INFO  testCases.TC_003_LoginDataDrivenTest - ***** Starting TC_003_LoginDataDrivenTest ****
22:29:01.333 [main] INFO  testCases.TC_003_LoginDataDrivenTest - ***** Starting TC_003_LoginDataDrivenTest ****
22:37:31.593 [main] INFO  testCases.TC_001_AccoutRegistrationTest - *** Starting TC_001_AccoutRegistrationTest ***
22:37:32.237 [main] INFO  testCases.TC_001_AccoutRegistrationTest - Clicked on My Account link
22:37:32.990 [main] INFO  testCases.TC_001_AccoutRegistrationTest - Clicked on register link
22:37:33.001 [main] INFO  testCases.TC_001_AccoutRegistrationTest - Providing customer's data
22:37:36.200 [main] INFO  testCases.TC_001_AccoutRegistrationTest - Clicked on continue . . .
22:37:46.301 [main] INFO  testCases.TC_001_AccoutRegistrationTest - Validating expected message
22:37:50.532 [main] INFO  testCases.TC_002_LoginTest - **** Starting TC_002_LoginTest ****
22:37:50.673 [main] INFO  testCases.TC_002_LoginTest - Clicked on MyAccount
22:37:51.390 [main] INFO  testCases.TC_002_LoginTest - Clicked on Login link
22:37:51.402 [main] INFO  testCases.TC_002_LoginTest - Providing login details
22:38:09.716 [main] INFO  testCases.TC_003_LoginDataDrivenTest - ***** Starting TC_003_LoginDataDrivenTest ****
22:38:21.903 [main] INFO  testCases.TC_003_LoginDataDrivenTest - ***** Starting TC_003_LoginDataDrivenTest ****
22:38:33.256 [main] INFO  testCases.TC_003_LoginDataDrivenTest - ***** Starting TC_003_LoginDataDrivenTest ****
22:38:44.475 [main] INFO  testCases.TC_003_LoginDataDrivenTest - ***** Starting TC_003_LoginDataDrivenTest ****
22:38:55.352 [main] INFO  testCases.TC_003_LoginDataDrivenTest - ***** Starting TC_003_LoginDataDrivenTest ****
